<?xml version="1.0" encoding="UTF-8"?>
<testsuite xmlns:xsi="http://www.w3.org/2001/XMLSchema-instance" xsi:noNamespaceSchemaLocation="https://maven.apache.org/surefire/maven-surefire-plugin/xsd/surefire-test-report.xsd" name="AppTest" time="0.005" tests="5" errors="0" skipped="0" failures="0">
  <properties>
[...]
</properties>
  <testcase name="AppTest.testIsValeurInitiale" classname="AppTest" time="0.002"/>
  <testcase name="AppTest.testIsPossible" classname="AppTest" time="0"/>
  <testcase name="AppTest.testGetValue" classname="AppTest" time="0"/>
  <testcase name="AppTest.testIsComplete" classname="AppTest" time="0"/>
  <testcase name="AppTest.testSetValue" classname="AppTest" time="0.001"/>
</testsuite>